<?xml version='1.0' encoding='UTF-8'?>
<testsuites tests='35' failures='0'>
  <testsuite name='DetailViewControllerTests' tests='12' failures='0'>
    <testcase classname='DetailViewControllerTests' name='testDidSelectCell' time='0.076'/>
    <testcase classname='DetailViewControllerTests' name='testLogoutPressed' time='0.019'/>
    <testcase classname='DetailViewControllerTests' name='testNumberOfRowsInSection' time='0.005'/>
    <testcase classname='DetailViewControllerTests' name='testNumberOfSections' time='0.007'/>
    <testcase classname='DetailViewControllerTests' name='testParentViewHasTableViewSubview' time='0.017'/>
    <testcase classname='DetailViewControllerTests' name='testTableViewCellCreateCellsWithReuseIdentifier' time='0.006'/>
    <testcase classname='DetailViewControllerTests' name='testThatTableViewLoads' time='0.005'/>
    <testcase classname='DetailViewControllerTests' name='testThatViewConformsToUITableViewDataSource' time='0.006'/>
    <testcase classname='DetailViewControllerTests' name='testThatViewConformsToUITableViewDelegate' time='0.006'/>
    <testcase classname='DetailViewControllerTests' name='testThatViewLoads' time='0.016'/>
    <testcase classname='DetailViewControllerTests' name='testViewDidLoad' time='0.049'/>
    <testcase classname='DetailViewControllerTests' name='testViewwillAppear' time='0.018'/>
  </testsuite>
  <testsuite name='MasterViewControllerTests' tests='13' failures='0'>
    <testcase classname='MasterViewControllerTests' name='testLogoutPressed' time='0.009'/>
    <testcase classname='MasterViewControllerTests' name='testLogUser' time='0.021'/>
    <testcase classname='MasterViewControllerTests' name='testParentViewHasTableViewSubview' time='0.007'/>
    <testcase classname='MasterViewControllerTests' name='testSearchEmployee' time='0.010'/>
    <testcase classname='MasterViewControllerTests' name='testTableViewCellCreateCellsWithReuseIdentifier' time='0.019'/>
    <testcase classname='MasterViewControllerTests' name='testTableViewIsConnectedToDelegate' time='0.007'/>
    <testcase classname='MasterViewControllerTests' name='testTableViewNumberOfRowsInSection' time='0.006'/>
    <testcase classname='MasterViewControllerTests' name='testThatTableViewLoads' time='0.006'/>
    <testcase classname='MasterViewControllerTests' name='testThatViewConformsToUITableViewDataSource' time='0.010'/>
    <testcase classname='MasterViewControllerTests' name='testThatViewConformsToUITableViewDelegate' time='0.006'/>
    <testcase classname='MasterViewControllerTests' name='testThatViewLoads' time='0.008'/>
    <testcase classname='MasterViewControllerTests' name='testViewDidLoad' time='0.007'/>
    <testcase classname='MasterViewControllerTests' name='testViewwillAppear' time='0.026'/>
  </testsuite>
  <testsuite name='NetworkTests' tests='1' failures='0'>
    <testcase classname='NetworkTests' name='testGetEmployeeData' time='0.001'/>
  </testsuite>
  <testsuite name='ReportsViewControllerTests' tests='9' failures='0'>
    <testcase classname='ReportsViewControllerTests' name='testDidSelectCell' time='0.068'/>
    <testcase classname='ReportsViewControllerTests' name='testLogoutPressed' time='0.021'/>
    <testcase classname='ReportsViewControllerTests' name='testTableViewCellCreateCellsWithReuseIdentifier' time='0.006'/>
    <testcase classname='ReportsViewControllerTests' name='testTableViewNumberOfRowsInSection' time='0.003'/>
    <testcase classname='ReportsViewControllerTests' name='testThatTableViewLoads' time='0.010'/>
    <testcase classname='ReportsViewControllerTests' name='testThatViewConformsToUITableViewDataSource' time='0.003'/>
    <testcase classname='ReportsViewControllerTests' name='testThatViewConformsToUITableViewDelegate' time='0.003'/>
    <testcase classname='ReportsViewControllerTests' name='testViewDidLoad' time='0.008'/>
    <testcase classname='ReportsViewControllerTests' name='testViewwillAppear' time='0.003'/>
  </testsuite>
</testsuites>